mode: set
github.com/development/simple-bank/db/sqlc/account.sql.go:24.105,35.2 4 1
github.com/development/simple-bank/db/sqlc/account.sql.go:50.97,61.2 4 1
github.com/development/simple-bank/db/sqlc/account.sql.go:67.70,70.2 2 1
github.com/development/simple-bank/db/sqlc/account.sql.go:76.79,87.2 4 1
github.com/development/simple-bank/db/sqlc/account.sql.go:93.88,104.2 4 0
github.com/development/simple-bank/db/sqlc/account.sql.go:117.97,119.16 2 1
github.com/development/simple-bank/db/sqlc/account.sql.go:119.16,121.3 1 0
github.com/development/simple-bank/db/sqlc/account.sql.go:122.2,124.18 3 1
github.com/development/simple-bank/db/sqlc/account.sql.go:124.18,132.17 2 1
github.com/development/simple-bank/db/sqlc/account.sql.go:132.17,134.4 1 0
github.com/development/simple-bank/db/sqlc/account.sql.go:135.3,135.27 1 1
github.com/development/simple-bank/db/sqlc/account.sql.go:137.2,137.37 1 1
github.com/development/simple-bank/db/sqlc/account.sql.go:137.37,139.3 1 0
github.com/development/simple-bank/db/sqlc/account.sql.go:140.2,140.35 1 1
github.com/development/simple-bank/db/sqlc/account.sql.go:140.35,142.3 1 0
github.com/development/simple-bank/db/sqlc/account.sql.go:143.2,143.19 1 1
github.com/development/simple-bank/db/sqlc/account.sql.go:158.97,169.2 4 1
github.com/development/simple-bank/db/sqlc/db.go:19.28,21.2 1 1
github.com/development/simple-bank/db/sqlc/db.go:27.47,31.2 1 0
github.com/development/simple-bank/db/sqlc/entries.sql.go:24.92,34.2 4 1
github.com/development/simple-bank/db/sqlc/entries.sql.go:40.68,43.2 2 1
github.com/development/simple-bank/db/sqlc/entries.sql.go:49.76,59.2 4 1
github.com/development/simple-bank/db/sqlc/entries.sql.go:72.94,74.16 2 1
github.com/development/simple-bank/db/sqlc/entries.sql.go:74.16,76.3 1 0
github.com/development/simple-bank/db/sqlc/entries.sql.go:77.2,79.18 3 1
github.com/development/simple-bank/db/sqlc/entries.sql.go:79.18,86.17 2 1
github.com/development/simple-bank/db/sqlc/entries.sql.go:86.17,88.4 1 0
github.com/development/simple-bank/db/sqlc/entries.sql.go:89.3,89.27 1 1
github.com/development/simple-bank/db/sqlc/entries.sql.go:91.2,91.37 1 1
github.com/development/simple-bank/db/sqlc/entries.sql.go:91.37,93.3 1 0
github.com/development/simple-bank/db/sqlc/entries.sql.go:94.2,94.35 1 1
github.com/development/simple-bank/db/sqlc/entries.sql.go:94.35,96.3 1 0
github.com/development/simple-bank/db/sqlc/entries.sql.go:97.2,97.19 1 1
github.com/development/simple-bank/db/sqlc/entries.sql.go:112.92,122.2 4 1
github.com/development/simple-bank/db/sqlc/store.go:16.34,21.2 1 1
github.com/development/simple-bank/db/sqlc/store.go:24.80,29.16 2 1
github.com/development/simple-bank/db/sqlc/store.go:29.16,31.3 1 0
github.com/development/simple-bank/db/sqlc/store.go:33.2,36.16 3 1
github.com/development/simple-bank/db/sqlc/store.go:36.16,37.43 1 0
github.com/development/simple-bank/db/sqlc/store.go:37.43,39.4 1 0
github.com/development/simple-bank/db/sqlc/store.go:42.2,42.20 1 1
github.com/development/simple-bank/db/sqlc/store.go:63.101,66.50 2 1
github.com/development/simple-bank/db/sqlc/store.go:66.50,75.17 3 1
github.com/development/simple-bank/db/sqlc/store.go:75.17,77.4 1 0
github.com/development/simple-bank/db/sqlc/store.go:79.3,84.17 2 1
github.com/development/simple-bank/db/sqlc/store.go:84.17,86.4 1 0
github.com/development/simple-bank/db/sqlc/store.go:88.3,93.17 2 1
github.com/development/simple-bank/db/sqlc/store.go:93.17,95.4 1 0
github.com/development/simple-bank/db/sqlc/store.go:97.3,97.42 1 1
github.com/development/simple-bank/db/sqlc/store.go:97.42,99.4 1 1
github.com/development/simple-bank/db/sqlc/store.go:99.9,101.4 1 1
github.com/development/simple-bank/db/sqlc/store.go:103.3,103.17 1 1
github.com/development/simple-bank/db/sqlc/store.go:103.17,105.4 1 0
github.com/development/simple-bank/db/sqlc/store.go:107.3,107.13 1 1
github.com/development/simple-bank/db/sqlc/store.go:110.2,110.20 1 1
github.com/development/simple-bank/db/sqlc/store.go:113.164,119.16 2 1
github.com/development/simple-bank/db/sqlc/store.go:119.16,121.3 1 0
github.com/development/simple-bank/db/sqlc/store.go:123.2,128.8 2 1
github.com/development/simple-bank/db/sqlc/transfers.sql.go:25.100,36.2 4 1
github.com/development/simple-bank/db/sqlc/transfers.sql.go:42.71,45.2 2 1
github.com/development/simple-bank/db/sqlc/transfers.sql.go:51.81,62.2 4 1
github.com/development/simple-bank/db/sqlc/transfers.sql.go:75.100,77.16 2 1
github.com/development/simple-bank/db/sqlc/transfers.sql.go:77.16,79.3 1 0
github.com/development/simple-bank/db/sqlc/transfers.sql.go:80.2,82.18 3 1
github.com/development/simple-bank/db/sqlc/transfers.sql.go:82.18,90.17 2 1
github.com/development/simple-bank/db/sqlc/transfers.sql.go:90.17,92.4 1 0
github.com/development/simple-bank/db/sqlc/transfers.sql.go:93.3,93.27 1 1
github.com/development/simple-bank/db/sqlc/transfers.sql.go:95.2,95.37 1 1
github.com/development/simple-bank/db/sqlc/transfers.sql.go:95.37,97.3 1 0
github.com/development/simple-bank/db/sqlc/transfers.sql.go:98.2,98.35 1 1
github.com/development/simple-bank/db/sqlc/transfers.sql.go:98.35,100.3 1 0
github.com/development/simple-bank/db/sqlc/transfers.sql.go:101.2,101.19 1 1
github.com/development/simple-bank/db/sqlc/transfers.sql.go:116.100,127.2 4 1
github.com/development/simple-bank/main.go:5.13,7.2 1 0
github.com/development/simple-bank/util/print.go:8.44,11.14 2 0
github.com/development/simple-bank/util/print.go:11.14,13.3 1 0
github.com/development/simple-bank/util/print.go:15.2,16.16 2 0
github.com/development/simple-bank/util/print.go:16.16,19.3 2 0
github.com/development/simple-bank/util/print.go:21.2,21.49 1 0
github.com/development/simple-bank/util/random.go:11.13,13.2 1 0
github.com/development/simple-bank/util/random.go:15.38,17.2 1 0
github.com/development/simple-bank/util/random.go:19.33,22.25 3 0
github.com/development/simple-bank/util/random.go:22.25,25.3 2 0
github.com/development/simple-bank/util/random.go:26.2,26.20 1 0
github.com/development/simple-bank/util/random.go:29.27,31.2 1 0
github.com/development/simple-bank/util/random.go:33.26,35.2 1 0
github.com/development/simple-bank/util/random.go:37.30,41.2 3 0
